[LOG][25/03/2023 20:43:10]    Started refreshing 1 commands.
[LOG][25/03/2023 20:43:10]    Loaded ping command
[LOG][25/03/2023 20:43:11]    Logged in as LordBot#3419
[LOG][25/03/2023 20:44:01]    Started refreshing 1 commands.
[LOG][25/03/2023 20:44:01]    Loaded ping command
[LOG][25/03/2023 20:44:02]    Logged in as LordBot#3419
[LOG][25/03/2023 20:45:20]    Started refreshing 1 commands.
[LOG][25/03/2023 20:45:20]    Loaded ping command
[LOG][25/03/2023 20:45:20]    Logged in as LordBot#3419
[LOG][25/03/2023 20:45:52]    Started refreshing 1 commands.
[LOG][25/03/2023 20:45:52]    Loaded ping command
[LOG][25/03/2023 20:45:53]    Logged in as LordBot#3419
[LOG][25/03/2023 20:46:10]    Started refreshing 1 commands.
[LOG][25/03/2023 20:46:10]    Loaded ping command
[LOG][25/03/2023 20:46:11]    Successfully reloaded 1 commands.
[LOG][25/03/2023 20:46:11]    Logged in as LordBot#3419
[LOG][26/03/2023 14:26:05]    Started refreshing 1 commands.
[LOG][26/03/2023 14:26:06]    Loaded ping command
[LOG][26/03/2023 14:26:06]    Successfully reloaded 1 commands.
[LOG][26/03/2023 14:26:06]    Logged in as LordBot#3419
[LOG][26/03/2023 14:26:51]    Started refreshing 1 commands.
[LOG][26/03/2023 14:26:51]    Loaded ping command
[LOG][26/03/2023 14:26:51]    Successfully reloaded 1 commands.
[LOG][26/03/2023 14:26:52]    Logged in as LordBot#3419
[LOG][26/03/2023 14:32:50]    Started refreshing 1 commands.
[LOG][26/03/2023 14:32:50]    Loaded ping command
[LOG][26/03/2023 14:32:50]    Successfully reloaded 1 commands.
[LOG][26/03/2023 14:32:51]    Logged in as LordBot#3419
[LOG][26/03/2023 14:33:22]    undefined executed ping command
[LOG][26/03/2023 14:34:28]    Started refreshing 1 commands.
[LOG][26/03/2023 14:34:28]    Loaded ping command
[LOG][26/03/2023 14:34:29]    Successfully reloaded 1 commands.
[LOG][26/03/2023 14:34:29]    Logged in as LordBot#3419
[LOG][26/03/2023 14:34:45]    undefined executed ping command
[LOG][26/03/2023 14:36:25]    Started refreshing 1 commands.
[LOG][26/03/2023 14:36:25]    Loaded ping command
[LOG][26/03/2023 14:36:25]    Successfully reloaded 1 commands.
[LOG][26/03/2023 14:36:26]    Logged in as LordBot#3419
[LOG][26/03/2023 14:36:33]    AZeRY#7772 executed ping command
